GC Precious Log:
 CardTable entry size: 512
 CPUs: 4 total, 4 available
 Memory: 4017M
 Large Page Support: Disabled
 NUMA Support: Disabled
 Compressed Oops: Enabled (32-bit)
 Alignments: Space 512K, Generation 512K, Heap 2M
 Heap Min Capacity: 100M
 Heap Initial Capacity: 100M
 Heap Max Capacity: 1G
 Pre-touch: Disabled
 Parallel Workers: 4
Heap:
 PSYoungGen      total 23552K, used 22351K [0x00000000eab00000, 0x00000000ec400000, 0x0000000100000000)
  eden space 21504K, 99% used [0x00000000eab00000,0x00000000ebfd2298,0x00000000ec000000)
  from space 2048K, 50% used [0x00000000ec080000,0x00000000ec181bf8,0x00000000ec280000)
  to   space 1536K, 0% used [0x00000000ec280000,0x00000000ec280000,0x00000000ec400000)
 ParOldGen       total 68608K, used 31824K [0x00000000c0000000, 0x00000000c4300000, 0x00000000eab00000)
  object space 68608K, 46% used [0x00000000c0000000,0x00000000c1f142b8,0x00000000c4300000)
 Metaspace       used 43518K, committed 44608K, reserved 1114112K
  class space    used 4248K, committed 4736K, reserved 1048576K
GC Heap History (20 events):
Event: 61.064 GC heap before
{Heap before GC invocations=14 (full 1):
 PSYoungGen      total 23040K, used 23025K [0x00000000eab00000, 0x00000000ecc80000, 0x0000000100000000)
  eden space 21504K, 100% used [0x00000000eab00000,0x00000000ec000000,0x00000000ec000000)
  from space 1536K, 99% used [0x00000000ec600000,0x00000000ec77c410,0x00000000ec780000)
  to   space 6144K, 0% used [0x00000000ec000000,0x00000000ec000000,0x00000000ec600000)
 ParOldGen       total 68608K, used 19975K [0x00000000c0000000, 0x00000000c4300000, 0x00000000eab00000)
  object space 68608K, 29% used [0x00000000c0000000,0x00000000c1381e28,0x00000000c4300000)
 Metaspace       used 33683K, committed 34560K, reserved 1114112K
  class space    used 3298K, committed 3712K, reserved 1048576K
}
Event: 61.070 GC heap after
{Heap after GC invocations=14 (full 1):
 PSYoungGen      total 24064K, used 2436K [0x00000000eab00000, 0x00000000ec700000, 0x0000000100000000)
  eden space 21504K, 0% used [0x00000000eab00000,0x00000000eab00000,0x00000000ec000000)
  from space 2560K, 95% used [0x00000000ec000000,0x00000000ec261000,0x00000000ec280000)
  to   space 3584K, 0% used [0x00000000ec380000,0x00000000ec380000,0x00000000ec700000)
 ParOldGen       total 68608K, used 21442K [0x00000000c0000000, 0x00000000c4300000, 0x00000000eab00000)
  object space 68608K, 31% used [0x00000000c0000000,0x00000000c14f0b20,0x00000000c4300000)
 Metaspace       used 33683K, committed 34560K, reserved 1114112K
  class space    used 3298K, committed 3712K, reserved 1048576K
}
Event: 61.418 GC heap before
{Heap before GC invocations=15 (full 1):
 PSYoungGen      total 24064K, used 23940K [0x00000000eab00000, 0x00000000ec700000, 0x0000000100000000)
  eden space 21504K, 100% used [0x00000000eab00000,0x00000000ec000000,0x00000000ec000000)
  from space 2560K, 95% used [0x00000000ec000000,0x00000000ec261000,0x00000000ec280000)
  to   space 3584K, 0% used [0x00000000ec380000,0x00000000ec380000,0x00000000ec700000)
 ParOldGen       total 68608K, used 21442K [0x00000000c0000000, 0x00000000c4300000, 0x00000000eab00000)
  object space 68608K, 31% used [0x00000000c0000000,0x00000000c14f0b20,0x00000000c4300000)
 Metaspace       used 33690K, committed 34560K, reserved 1114112K
  class space    used 3298K, committed 3712K, reserved 1048576K
}
Event: 61.426 GC heap after
{Heap after GC invocations=15 (full 1):
 PSYoungGen      total 24064K, used 2144K [0x00000000eab00000, 0x00000000ec600000, 0x0000000100000000)
  eden space 21504K, 0% used [0x00000000eab00000,0x00000000eab00000,0x00000000ec000000)
  from space 2560K, 83% used [0x00000000ec380000,0x00000000ec598000,0x00000000ec600000)
  to   space 2560K, 0% used [0x00000000ec000000,0x00000000ec000000,0x00000000ec280000)
 ParOldGen       total 68608K, used 23798K [0x00000000c0000000, 0x00000000c4300000, 0x00000000eab00000)
  object space 68608K, 34% used [0x00000000c0000000,0x00000000c173daf8,0x00000000c4300000)
 Metaspace       used 33690K, committed 34560K, reserved 1114112K
  class space    used 3298K, committed 3712K, reserved 1048576K
}
Event: 61.816 GC heap before
{Heap before GC invocations=16 (full 1):
 PSYoungGen      total 24064K, used 23648K [0x00000000eab00000, 0x00000000ec600000, 0x0000000100000000)
  eden space 21504K, 100% used [0x00000000eab00000,0x00000000ec000000,0x00000000ec000000)
  from space 2560K, 83% used [0x00000000ec380000,0x00000000ec598000,0x00000000ec600000)
  to   space 2560K, 0% used [0x00000000ec000000,0x00000000ec000000,0x00000000ec280000)
 ParOldGen       total 68608K, used 23798K [0x00000000c0000000, 0x00000000c4300000, 0x00000000eab00000)
  object space 68608K, 34% used [0x00000000c0000000,0x00000000c173daf8,0x00000000c4300000)
 Metaspace       used 33733K, committed 34688K, reserved 1114112K
  class space    used 3298K, committed 3712K, reserved 1048576K
}
Event: 61.823 GC heap after
{Heap after GC invocations=16 (full 1):
 PSYoungGen      total 24064K, used 2304K [0x00000000eab00000, 0x00000000ec500000, 0x0000000100000000)
  eden space 21504K, 0% used [0x00000000eab00000,0x00000000eab00000,0x00000000ec000000)
  from space 2560K, 90% used [0x00000000ec000000,0x00000000ec240010,0x00000000ec280000)
  to   space 2560K, 0% used [0x00000000ec280000,0x00000000ec280000,0x00000000ec500000)
 ParOldGen       total 68608K, used 25910K [0x00000000c0000000, 0x00000000c4300000, 0x00000000eab00000)
  object space 68608K, 37% used [0x00000000c0000000,0x00000000c194daf8,0x00000000c4300000)
 Metaspace       used 33733K, committed 34688K, reserved 1114112K
  class space    used 3298K, committed 3712K, reserved 1048576K
}
Event: 62.504 GC heap before
{Heap before GC invocations=17 (full 1):
 PSYoungGen      total 24064K, used 21322K [0x00000000eab00000, 0x00000000ec500000, 0x0000000100000000)
  eden space 21504K, 88% used [0x00000000eab00000,0x00000000ebd92b18,0x00000000ec000000)
  from space 2560K, 90% used [0x00000000ec000000,0x00000000ec240010,0x00000000ec280000)
  to   space 2560K, 0% used [0x00000000ec280000,0x00000000ec280000,0x00000000ec500000)
 ParOldGen       total 68608K, used 25910K [0x00000000c0000000, 0x00000000c4300000, 0x00000000eab00000)
  object space 68608K, 37% used [0x00000000c0000000,0x00000000c194daf8,0x00000000c4300000)
 Metaspace       used 34933K, committed 35840K, reserved 1114112K
  class space    used 3451K, committed 3840K, reserved 1048576K
}
Event: 62.513 GC heap after
{Heap after GC invocations=17 (full 1):
 PSYoungGen      total 23040K, used 1492K [0x00000000eab00000, 0x00000000ec400000, 0x0000000100000000)
  eden space 21504K, 0% used [0x00000000eab00000,0x00000000eab00000,0x00000000ec000000)
  from space 1536K, 97% used [0x00000000ec280000,0x00000000ec3f53f8,0x00000000ec400000)
  to   space 2048K, 0% used [0x00000000ec000000,0x00000000ec000000,0x00000000ec200000)
 ParOldGen       total 68608K, used 28159K [0x00000000c0000000, 0x00000000c4300000, 0x00000000eab00000)
  object space 68608K, 41% used [0x00000000c0000000,0x00000000c1b7fd08,0x00000000c4300000)
 Metaspace       used 34933K, committed 35840K, reserved 1114112K
  class space    used 3451K, committed 3840K, reserved 1048576K
}
Event: 62.513 GC heap before
{Heap before GC invocations=18 (full 2):
 PSYoungGen      total 23040K, used 1492K [0x00000000eab00000, 0x00000000ec400000, 0x0000000100000000)
  eden space 21504K, 0% used [0x00000000eab00000,0x00000000eab00000,0x00000000ec000000)
  from space 1536K, 97% used [0x00000000ec280000,0x00000000ec3f53f8,0x00000000ec400000)
  to   space 2048K, 0% used [0x00000000ec000000,0x00000000ec000000,0x00000000ec200000)
 ParOldGen       total 68608K, used 28159K [0x00000000c0000000, 0x00000000c4300000, 0x00000000eab00000)
  object space 68608K, 41% used [0x00000000c0000000,0x00000000c1b7fd08,0x00000000c4300000)
 Metaspace       used 34933K, committed 35840K, reserved 1114112K
  class space    used 3451K, committed 3840K, reserved 1048576K
}
Event: 62.667 GC heap after
{Heap after GC invocations=18 (full 2):
 PSYoungGen      total 23040K, used 0K [0x00000000eab00000, 0x00000000ec400000, 0x0000000100000000)
  eden space 21504K, 0% used [0x00000000eab00000,0x00000000eab00000,0x00000000ec000000)
  from space 1536K, 0% used [0x00000000ec280000,0x00000000ec280000,0x00000000ec400000)
  to   space 2048K, 0% used [0x00000000ec000000,0x00000000ec000000,0x00000000ec200000)
 ParOldGen       total 68608K, used 27957K [0x00000000c0000000, 0x00000000c4300000, 0x00000000eab00000)
  object space 68608K, 40% used [0x00000000c0000000,0x00000000c1b4d5d8,0x00000000c4300000)
 Metaspace       used 34933K, committed 35840K, reserved 1114112K
  class space    used 3451K, committed 3840K, reserved 1048576K
}
Event: 64.520 GC heap before
{Heap before GC invocations=19 (full 2):
 PSYoungGen      total 23040K, used 21504K [0x00000000eab00000, 0x00000000ec400000, 0x0000000100000000)
  eden space 21504K, 100% used [0x00000000eab00000,0x00000000ec000000,0x00000000ec000000)
  from space 1536K, 0% used [0x00000000ec280000,0x00000000ec280000,0x00000000ec400000)
  to   space 2048K, 0% used [0x00000000ec000000,0x00000000ec000000,0x00000000ec200000)
 ParOldGen       total 68608K, used 27957K [0x00000000c0000000, 0x00000000c4300000, 0x00000000eab00000)
  object space 68608K, 40% used [0x00000000c0000000,0x00000000c1b4d5d8,0x00000000c4300000)
 Metaspace       used 36254K, committed 37184K, reserved 1114112K
  class space    used 3621K, committed 4032K, reserved 1048576K
}
Event: 64.523 GC heap after
{Heap after GC invocations=19 (full 2):
 PSYoungGen      total 23552K, used 448K [0x00000000eab00000, 0x00000000ec300000, 0x0000000100000000)
  eden space 21504K, 0% used [0x00000000eab00000,0x00000000eab00000,0x00000000ec000000)
  from space 2048K, 21% used [0x00000000ec000000,0x00000000ec070010,0x00000000ec200000)
  to   space 1024K, 0% used [0x00000000ec200000,0x00000000ec200000,0x00000000ec300000)
 ParOldGen       total 68608K, used 27965K [0x00000000c0000000, 0x00000000c4300000, 0x00000000eab00000)
  object space 68608K, 40% used [0x00000000c0000000,0x00000000c1b4f5d8,0x00000000c4300000)
 Metaspace       used 36254K, committed 37184K, reserved 1114112K
  class space    used 3621K, committed 4032K, reserved 1048576K
}
Event: 67.039 GC heap before
{Heap before GC invocations=20 (full 2):
 PSYoungGen      total 23552K, used 21929K [0x00000000eab00000, 0x00000000ec300000, 0x0000000100000000)
  eden space 21504K, 99% used [0x00000000eab00000,0x00000000ebffa430,0x00000000ec000000)
  from space 2048K, 21% used [0x00000000ec000000,0x00000000ec070010,0x00000000ec200000)
  to   space 1024K, 0% used [0x00000000ec200000,0x00000000ec200000,0x00000000ec300000)
 ParOldGen       total 68608K, used 27965K [0x00000000c0000000, 0x00000000c4300000, 0x00000000eab00000)
  object space 68608K, 40% used [0x00000000c0000000,0x00000000c1b4f5d8,0x00000000c4300000)
 Metaspace       used 38837K, committed 39744K, reserved 1114112K
  class space    used 3832K, committed 4224K, reserved 1048576K
}
Event: 67.048 GC heap after
{Heap after GC invocations=20 (full 2):
 PSYoungGen      total 22528K, used 875K [0x00000000eab00000, 0x00000000ec300000, 0x0000000100000000)
  eden space 21504K, 0% used [0x00000000eab00000,0x00000000eab00000,0x00000000ec000000)
  from space 1024K, 85% used [0x00000000ec200000,0x00000000ec2dac18,0x00000000ec300000)
  to   space 1024K, 0% used [0x00000000ec100000,0x00000000ec100000,0x00000000ec200000)
 ParOldGen       total 68608K, used 28269K [0x00000000c0000000, 0x00000000c4300000, 0x00000000eab00000)
  object space 68608K, 41% used [0x00000000c0000000,0x00000000c1b9b5d8,0x00000000c4300000)
 Metaspace       used 38837K, committed 39744K, reserved 1114112K
  class space    used 3832K, committed 4224K, reserved 1048576K
}
Event: 70.271 GC heap before
{Heap before GC invocations=21 (full 2):
 PSYoungGen      total 22528K, used 22302K [0x00000000eab00000, 0x00000000ec300000, 0x0000000100000000)
  eden space 21504K, 99% used [0x00000000eab00000,0x00000000ebfecfb0,0x00000000ec000000)
  from space 1024K, 85% used [0x00000000ec200000,0x00000000ec2dac18,0x00000000ec300000)
  to   space 1024K, 0% used [0x00000000ec100000,0x00000000ec100000,0x00000000ec200000)
 ParOldGen       total 68608K, used 28269K [0x00000000c0000000, 0x00000000c4300000, 0x00000000eab00000)
  object space 68608K, 41% used [0x00000000c0000000,0x00000000c1b9b5d8,0x00000000c4300000)
 Metaspace       used 40715K, committed 41664K, reserved 1114112K
  class space    used 3996K, committed 4416K, reserved 1048576K
}
Event: 70.281 GC heap after
{Heap after GC invocations=21 (full 2):
 PSYoungGen      total 22528K, used 1021K [0x00000000eab00000, 0x00000000ec700000, 0x0000000100000000)
  eden space 21504K, 0% used [0x00000000eab00000,0x00000000eab00000,0x00000000ec000000)
  from space 1024K, 99% used [0x00000000ec100000,0x00000000ec1ff770,0x00000000ec200000)
  to   space 3584K, 0% used [0x00000000ec380000,0x00000000ec380000,0x00000000ec700000)
 ParOldGen       total 68608K, used 30421K [0x00000000c0000000, 0x00000000c4300000, 0x00000000eab00000)
  object space 68608K, 44% used [0x00000000c0000000,0x00000000c1db5650,0x00000000c4300000)
 Metaspace       used 40715K, committed 41664K, reserved 1114112K
  class space    used 3996K, committed 4416K, reserved 1048576K
}
Event: 70.582 GC heap before
{Heap before GC invocations=22 (full 2):
 PSYoungGen      total 22528K, used 22525K [0x00000000eab00000, 0x00000000ec700000, 0x0000000100000000)
  eden space 21504K, 100% used [0x00000000eab00000,0x00000000ec000000,0x00000000ec000000)
  from space 1024K, 99% used [0x00000000ec100000,0x00000000ec1ff770,0x00000000ec200000)
  to   space 3584K, 0% used [0x00000000ec380000,0x00000000ec380000,0x00000000ec700000)
 ParOldGen       total 68608K, used 30421K [0x00000000c0000000, 0x00000000c4300000, 0x00000000eab00000)
  object space 68608K, 44% used [0x00000000c0000000,0x00000000c1db5650,0x00000000c4300000)
 Metaspace       used 40749K, committed 41728K, reserved 1114112K
  class space    used 3996K, committed 4416K, reserved 1048576K
}
Event: 70.586 GC heap after
{Heap after GC invocations=22 (full 2):
 PSYoungGen      total 22528K, used 945K [0x00000000eab00000, 0x00000000ec480000, 0x0000000100000000)
  eden space 21504K, 0% used [0x00000000eab00000,0x00000000eab00000,0x00000000ec000000)
  from space 1024K, 92% used [0x00000000ec380000,0x00000000ec46c7e0,0x00000000ec480000)
  to   space 2048K, 0% used [0x00000000ec080000,0x00000000ec080000,0x00000000ec280000)
 ParOldGen       total 68608K, used 31607K [0x00000000c0000000, 0x00000000c4300000, 0x00000000eab00000)
  object space 68608K, 46% used [0x00000000c0000000,0x00000000c1eddfc0,0x00000000c4300000)
 Metaspace       used 40749K, committed 41728K, reserved 1114112K
  class space    used 3996K, committed 4416K, reserved 1048576K
}
Event: 71.185 GC heap before
{Heap before GC invocations=23 (full 2):
 PSYoungGen      total 22528K, used 22393K [0x00000000eab00000, 0x00000000ec480000, 0x0000000100000000)
  eden space 21504K, 99% used [0x00000000eab00000,0x00000000ebff1f50,0x00000000ec000000)
  from space 1024K, 92% used [0x00000000ec380000,0x00000000ec46c7e0,0x00000000ec480000)
  to   space 2048K, 0% used [0x00000000ec080000,0x00000000ec080000,0x00000000ec280000)
 ParOldGen       total 68608K, used 31607K [0x00000000c0000000, 0x00000000c4300000, 0x00000000eab00000)
  object space 68608K, 46% used [0x00000000c0000000,0x00000000c1eddfc0,0x00000000c4300000)
 Metaspace       used 42107K, committed 43072K, reserved 1114112K
  class space    used 4119K, committed 4544K, reserved 1048576K
}
Event: 71.187 GC heap after
{Heap after GC invocations=23 (full 2):
 PSYoungGen      total 23552K, used 1030K [0x00000000eab00000, 0x00000000ec400000, 0x0000000100000000)
  eden space 21504K, 0% used [0x00000000eab00000,0x00000000eab00000,0x00000000ec000000)
  from space 2048K, 50% used [0x00000000ec080000,0x00000000ec181bf8,0x00000000ec280000)
  to   space 1536K, 0% used [0x00000000ec280000,0x00000000ec280000,0x00000000ec400000)
 ParOldGen       total 68608K, used 31824K [0x00000000c0000000, 0x00000000c4300000, 0x00000000eab00000)
  object space 68608K, 46% used [0x00000000c0000000,0x00000000c1f142b8,0x00000000c4300000)
 Metaspace       used 42107K, committed 43072K, reserved 1114112K
  class space    used 4119K, committed 4544K, reserved 1048576K
}

